<?xml version="1.0" encoding="utf-8"?><testsuites><testsuite name="pytest" errors="0" failures="0" skipped="0" tests="80" time="1.255" timestamp="2026-08-21T13:37:32.407408+08:00" hostname="DESKTOP-8L6MAHD"><testcase classname="backend.tests.test_api" name="test_health_endpoint_has_no_secret_fields" time="0.122" /><testcase classname="backend.tests.test_api" name="test_stocks_endpoint_supports_pagination_and_safe_sort" time="0.014" /><testcase classname="backend.tests.test_api" name="test_stocks_filters_sort_nulls_and_pagination_return_real_ids" time="0.018" /><testcase classname="backend.tests.test_api" name="test_api_contract_exposes_score_hash_filters_rankings_and_sync_counters" time="0.019" /><testcase classname="backend.tests.test_api" name="test_detail_contract_exposes_provenance_version_reasons_and_null_safe_charts" time="0.024" /><testcase classname="backend.tests.test_api" name="test_worker_health_contract_is_sanitized" time="0.006" /><testcase classname="backend.tests.test_fail_closed_api" name="test_provider_failure_suppresses_existing_numeric_scores[QUOTA_EXHAUSTED]" time="0.033" /><testcase classname="backend.tests.test_fail_closed_api" name="test_provider_failure_suppresses_existing_numeric_scores[ACCESS_DENIED]" time="0.030" /><testcase classname="backend.tests.test_fail_closed_api" name="test_provider_failure_suppresses_existing_numeric_scores[AUTHENTICATION_FAILED]" time="0.029" /><testcase classname="backend.tests.test_fail_closed_api" name="test_provider_failure_suppresses_existing_numeric_scores[SCHEMA_MISMATCH]" time="0.027" /><testcase classname="backend.tests.test_fail_closed_api" name="test_provider_partial_coverage_suppresses_existing_numeric_scores[FAILED]" time="0.026" /><testcase classname="backend.tests.test_fail_closed_api" name="test_provider_partial_coverage_suppresses_existing_numeric_scores[PARTIAL]" time="0.028" /><testcase classname="backend.tests.test_fail_closed_api" name="test_empty_provider_state_is_not_available" time="0.025" /><testcase classname="backend.tests.test_fail_closed_api" name="test_complete_authoritative_sync_is_required_before_current_scores_are_served" time="0.029" /><testcase classname="backend.tests.test_finmind_safety" name="test_forbidden_datasets_are_rejected" time="0.001" /><testcase classname="backend.tests.test_finmind_safety" name="test_allowlist_excludes_unknown_dataset" time="0.001" /><testcase classname="backend.tests.test_finmind_safety" name="test_capability_dataset_list_is_s_only" time="0.000" /><testcase classname="backend.tests.test_finmind_safety" name="test_capability_only_dataset_is_rejected_by_production_fetch_and_ingestion" time="0.011" /><testcase classname="backend.tests.test_finmind_safety" name="test_capability_probe_uses_probe_only_path_without_production_allowlist" time="0.002" /><testcase classname="backend.tests.test_finmind_safety" name="test_capability_evidence_is_bound_to_source_and_policy" time="0.002" /><testcase classname="backend.tests.test_finmind_safety" name="test_universe_excludes_etf_category_from_industry" time="0.000" /><testcase classname="backend.tests.test_finmind_safety" name="test_stock_datasets_ignore_non_common_rows_before_foreign_key_insert" time="0.009" /><testcase classname="backend.tests.test_finmind_safety" name="test_finmind_non_retryable_and_quota_fail_fast[response0-AUTHENTICATION_FAILED]" time="0.002" /><testcase classname="backend.tests.test_finmind_safety" name="test_finmind_non_retryable_and_quota_fail_fast[response1-QUOTA_EXHAUSTED]" time="0.002" /><testcase classname="backend.tests.test_finmind_safety" name="test_finmind_non_retryable_and_quota_fail_fast[response2-ACCESS_DENIED]" time="0.001" /><testcase classname="backend.tests.test_finmind_safety" name="test_finmind_non_retryable_and_quota_fail_fast[response3-NON_RETRYABLE_4XX]" time="0.002" /><testcase classname="backend.tests.test_finmind_safety" name="test_finmind_retry_after_is_honored_and_schema_fails_fast" time="0.001" /><testcase classname="backend.tests.test_finmind_safety" name="test_http_200_application_errors_and_schema_drift_fail_closed[payload0-QUOTA_EXHAUSTED]" time="0.002" /><testcase classname="backend.tests.test_finmind_safety" name="test_http_200_application_errors_and_schema_drift_fail_closed[payload1-ACCESS_DENIED]" time="0.001" /><testcase classname="backend.tests.test_finmind_safety" name="test_http_200_application_errors_and_schema_drift_fail_closed[payload2-SCHEMA_MISMATCH]" time="0.001" /><testcase classname="backend.tests.test_finmind_safety" name="test_http_200_application_errors_and_schema_drift_fail_closed[payload3-SCHEMA_MISMATCH]" time="0.001" /><testcase classname="backend.tests.test_finmind_safety" name="test_global_request_budget_covers_retry_attempts" time="0.001" /><testcase classname="backend.tests.test_finmind_safety" name="test_broker_checkpoint_retains_retryable_failure_and_resumes" time="0.015" /><testcase classname="backend.tests.test_finmind_safety" name="test_global_broker_fatal_stops_queue_promptly" time="0.004" /><testcase classname="backend.tests.test_finmind_safety" name="test_unverified_empty_broker_response_stops_queue_promptly" time="0.004" /><testcase classname="backend.tests.test_finmind_safety" name="test_source_checkpoint_resumes_finite_quota_without_repeating_completed_stock" time="0.014" /><testcase classname="backend.tests.test_finmind_safety" name="test_broker_checkpoint_manifest_rejects_changed_universe_and_corruption" time="0.011" /><testcase classname="backend.tests.test_finmind_safety" name="test_source_checkpoint_reuses_covered_history_when_window_moves_forward" time="0.006" /><testcase classname="backend.tests.test_finmind_safety" name="test_partial_daily_range_keeps_unreturned_sessions_pending_across_restart" time="0.008" /><testcase classname="backend.tests.test_finmind_safety" name="test_weekly_holding_checkpoint_retries_unreturned_publication" time="0.008" /><testcase classname="backend.tests.test_finmind_safety" name="test_explicit_valid_no_data_covers_only_named_observation" time="0.005" /><testcase classname="backend.tests.test_finmind_safety" name="test_incomplete_pagination_cannot_create_checkpoint_coverage" time="0.004" /><testcase classname="backend.tests.test_finmind_safety" name="test_partial_sync_state_cannot_report_authoritative_freshness" time="0.009" /><testcase classname="backend.tests.test_finmind_safety" name="test_empty_response_requires_explicit_source_semantics" time="0.000" /><testcase classname="backend.tests.test_pipeline_safety" name="test_raw_institutional_fallback_is_explicitly_rejected" time="0.000" /><testcase classname="backend.tests.test_pipeline_safety" name="test_calendar_version_fails_closed_outside_known_coverage" time="0.000" /><testcase classname="backend.tests.test_pipeline_safety" name="test_institutional_dealer_aggregate_is_not_double_counted" time="0.000" /><testcase classname="backend.tests.test_pipeline_safety" name="test_universe_reconciliation_is_raw_duplicate_rejection_and_accepted_exact" time="0.009" /><testcase classname="backend.tests.test_pipeline_safety" name="test_universe_accepts_provider_stock_security_type_but_excludes_instruments" time="0.000" /><testcase classname="backend.tests.test_pipeline_safety" name="test_universe_refresh_failure_is_persisted_and_blocks_scoring" time="0.015" /><testcase classname="backend.tests.test_pipeline_safety" name="test_universe_failure_does_not_mutate_previous_active_universe" time="0.010" /><testcase classname="backend.tests.test_pipeline_safety" name="test_holding_schema_unknown_duplicate_and_null_are_explicit" time="0.010" /><testcase classname="backend.tests.test_pipeline_safety" name="test_holding_real_bucket_boundaries_and_weekly_gap_fail_closed" time="0.000" /><testcase classname="backend.tests.test_pipeline_safety" name="test_holding_missing_relevant_boundary_is_unavailable" time="0.000" /><testcase classname="backend.tests.test_pipeline_safety" name="test_broker_unproven_omission_does_not_become_zero" time="0.000" /><testcase classname="backend.tests.test_pipeline_safety" name="test_broker_explicit_null_net_fails_closed_even_with_valid_same_session_row" time="0.000" /><testcase classname="backend.tests.test_pipeline_safety" name="test_broker_omitted_branch_under_complete_report_retains_zero_absence_semantics" time="0.000" /><testcase classname="backend.tests.test_pipeline_safety" name="test_broker_concentration_is_bounded_with_offsetting_sellers" time="0.001" /><testcase classname="backend.tests.test_pipeline_safety" name="test_source_revision_and_historical_score_are_point_in_time" time="0.099" /><testcase classname="backend.tests.test_pipeline_safety" name="test_partial_revision_batch_does_not_erase_legacy_window" time="0.008" /><testcase classname="backend.tests.test_pipeline_safety" name="test_broker_rows_are_bounded_by_sessions_not_broker_count" time="0.013" /><testcase classname="backend.tests.test_pipeline_safety" name="test_broker_table_constraint_rejects_capability_only_source" time="0.005" /><testcase classname="backend.tests.test_pipeline_safety" name="test_capability_broker_rows_cannot_change_s4_features_score_api_or_provenance" time="0.092" /><testcase classname="backend.tests.test_pipeline_safety" name="test_scheduled_catch_up_runs_all_phases_for_dynamic_multi_stock_universe" time="0.115" /><testcase classname="backend.tests.test_pipeline_safety" name="test_quota_at_first_required_source_defers_all_later_provider_requests" time="0.012" /><testcase classname="backend.tests.test_scoring" name="test_holding_level_parser_supports_explicit_units_and_rejects_ambiguous" time="0.000" /><testcase classname="backend.tests.test_scoring" name="test_holding_aggregation_does_not_depend_on_row_order" time="0.000" /><testcase classname="backend.tests.test_scoring" name="test_institutional_net_rolling_and_persistence_metrics" time="0.000" /><testcase classname="backend.tests.test_scoring" name="test_missing_rolling_values_stay_missing" time="0.000" /><testcase classname="backend.tests.test_scoring" name="test_broker_persistence_rewards_repeated_buying_over_single_spike" time="0.000" /><testcase classname="backend.tests.test_scoring" name="test_score_is_versioned_transparent_and_classified" time="0.000" /><testcase classname="backend.tests.test_scoring" name="test_missing_s_level_data_fails_closed_not_zero" time="0.000" /><testcase classname="backend.tests.test_scoring" name="test_historical_score_does_not_change_when_future_row_arrives" time="0.000" /><testcase classname="backend.tests.test_scoring" name="test_score_golden_vector_and_complete_spec_hash" time="0.000" /><testcase classname="backend.tests.test_scoring" name="test_calendar_manifest_is_content_bound_and_provenance_visible" time="0.000" /><testcase classname="backend.tests.test_worker_health" name="test_health_requires_scheduler_contract_not_only_pulse" time="0.000" /><testcase classname="backend.tests.test_worker_health" name="test_health_fails_stale_scheduler_and_prolonged_job" time="0.000" /><testcase classname="backend.tests.test_worker_health" name="test_running_job_requires_actual_phase_progress_not_only_process_pulse" time="0.000" /><testcase classname="backend.tests.test_worker_health" name="test_idle_health_is_degraded_when_scheduler_heartbeat_misses_180_seconds" time="0.000" /><testcase classname="backend.tests.test_worker_health" name="test_next_run_includes_main_and_retry_schedule" time="0.007" /></testsuite></testsuites>