<?xml version="1.0" encoding="utf-8"?><testsuites><testsuite name="pytest" errors="0" failures="0" skipped="0" tests="135" time="2.240" timestamp="2026-08-21T20:44:17.057206+08:00" hostname="DESKTOP-8L6MAHD"><testcase classname="backend.tests.test_api" name="test_health_endpoint_has_no_secret_fields" time="0.144" /><testcase classname="backend.tests.test_api" name="test_stocks_endpoint_supports_pagination_and_safe_sort" time="0.016" /><testcase classname="backend.tests.test_api" name="test_stocks_filters_sort_nulls_and_pagination_return_real_ids" time="0.017" /><testcase classname="backend.tests.test_api" name="test_api_contract_exposes_score_hash_filters_rankings_and_sync_counters" time="0.016" /><testcase classname="backend.tests.test_api" name="test_detail_contract_exposes_provenance_version_reasons_and_null_safe_charts" time="0.027" /><testcase classname="backend.tests.test_api" name="test_worker_health_contract_is_sanitized" time="0.008" /><testcase classname="backend.tests.test_api" name="test_build_metadata_reports_valid_missing_malformed_and_mismatched_states" time="0.013" /><testcase classname="backend.tests.test_catch_up_evidence" name="test_catch_up_evidence_binds_to_runtime_source_revision" time="0.000" /><testcase classname="backend.tests.test_contract_fixtures" name="test_holding_contract_fixture_matches_executable_schema" time="0.001" /><testcase classname="backend.tests.test_contract_fixtures" name="test_broker_contract_fixture_matches_executable_observed_row_policy" time="0.000" /><testcase classname="backend.tests.test_fail_closed_api" name="test_provider_failure_suppresses_existing_numeric_scores[QUOTA_EXHAUSTED]" time="0.038" /><testcase classname="backend.tests.test_fail_closed_api" name="test_provider_failure_suppresses_existing_numeric_scores[ACCESS_DENIED]" time="0.032" /><testcase classname="backend.tests.test_fail_closed_api" name="test_provider_failure_suppresses_existing_numeric_scores[AUTHENTICATION_FAILED]" time="0.030" /><testcase classname="backend.tests.test_fail_closed_api" name="test_provider_failure_suppresses_existing_numeric_scores[SCHEMA_MISMATCH]" time="0.029" /><testcase classname="backend.tests.test_fail_closed_api" name="test_provider_partial_coverage_suppresses_existing_numeric_scores[FAILED]" time="0.028" /><testcase classname="backend.tests.test_fail_closed_api" name="test_provider_partial_coverage_suppresses_existing_numeric_scores[PARTIAL]" time="0.027" /><testcase classname="backend.tests.test_fail_closed_api" name="test_empty_provider_state_is_not_available" time="0.025" /><testcase classname="backend.tests.test_fail_closed_api" name="test_complete_authoritative_sync_is_required_before_current_scores_are_served" time="0.040" /><testcase classname="backend.tests.test_fail_closed_api" name="test_fresh_sources_with_only_yesterdays_scores_remain_blocked" time="0.037" /><testcase classname="backend.tests.test_fail_closed_api" name="test_failed_current_score_job_remains_blocked" time="0.036" /><testcase classname="backend.tests.test_fail_closed_api" name="test_current_score_formula_or_source_binding_mismatch_remains_blocked" time="0.040" /><testcase classname="backend.tests.test_finmind_safety" name="test_forbidden_datasets_are_rejected" time="0.001" /><testcase classname="backend.tests.test_finmind_safety" name="test_allowlist_excludes_unknown_dataset" time="0.001" /><testcase classname="backend.tests.test_finmind_safety" name="test_capability_dataset_list_is_s_only" time="0.000" /><testcase classname="backend.tests.test_finmind_safety" name="test_capability_only_dataset_is_rejected_by_production_fetch_and_ingestion" time="0.006" /><testcase classname="backend.tests.test_finmind_safety" name="test_capability_probe_uses_probe_only_path_without_production_allowlist" time="0.002" /><testcase classname="backend.tests.test_finmind_safety" name="test_capability_evidence_is_bound_to_source_and_policy" time="0.002" /><testcase classname="backend.tests.test_finmind_safety" name="test_universe_excludes_etf_category_from_industry" time="0.000" /><testcase classname="backend.tests.test_finmind_safety" name="test_stock_datasets_ignore_non_common_rows_before_foreign_key_insert" time="0.008" /><testcase classname="backend.tests.test_finmind_safety" name="test_provider_quota_is_direct_source_bound_and_sanitized" time="0.002" /><testcase classname="backend.tests.test_finmind_safety" name="test_provider_quota_schema_drift_fails_closed[payload0]" time="0.001" /><testcase classname="backend.tests.test_finmind_safety" name="test_provider_quota_schema_drift_fails_closed[payload1]" time="0.001" /><testcase classname="backend.tests.test_finmind_safety" name="test_provider_quota_schema_drift_fails_closed[payload2]" time="0.001" /><testcase classname="backend.tests.test_finmind_safety" name="test_finmind_non_retryable_and_quota_fail_fast[response0-AUTHENTICATION_FAILED]" time="0.001" /><testcase classname="backend.tests.test_finmind_safety" name="test_finmind_non_retryable_and_quota_fail_fast[response1-QUOTA_EXHAUSTED]" time="0.001" /><testcase classname="backend.tests.test_finmind_safety" name="test_finmind_non_retryable_and_quota_fail_fast[response2-ACCESS_DENIED]" time="0.001" /><testcase classname="backend.tests.test_finmind_safety" name="test_finmind_non_retryable_and_quota_fail_fast[response3-NON_RETRYABLE_4XX]" time="0.001" /><testcase classname="backend.tests.test_finmind_safety" name="test_finmind_retry_after_is_honored_and_schema_fails_fast" time="0.001" /><testcase classname="backend.tests.test_finmind_safety" name="test_http_200_application_errors_and_schema_drift_fail_closed[payload0-QUOTA_EXHAUSTED]" time="0.002" /><testcase classname="backend.tests.test_finmind_safety" name="test_http_200_application_errors_and_schema_drift_fail_closed[payload1-ACCESS_DENIED]" time="0.002" /><testcase classname="backend.tests.test_finmind_safety" name="test_http_200_application_errors_and_schema_drift_fail_closed[payload2-SCHEMA_MISMATCH]" time="0.004" /><testcase classname="backend.tests.test_finmind_safety" name="test_http_200_application_errors_and_schema_drift_fail_closed[payload3-SCHEMA_MISMATCH]" time="0.001" /><testcase classname="backend.tests.test_finmind_safety" name="test_global_request_budget_covers_retry_attempts" time="0.001" /><testcase classname="backend.tests.test_finmind_safety" name="test_broker_provider_contract_validates_rows_without_claiming_report_completeness" time="0.252" /><testcase classname="backend.tests.test_finmind_safety" name="test_broker_checkpoint_retains_retryable_failure_and_resumes" time="0.014" /><testcase classname="backend.tests.test_finmind_safety" name="test_global_broker_fatal_stops_queue_promptly" time="0.004" /><testcase classname="backend.tests.test_finmind_safety" name="test_unverified_empty_broker_response_stops_queue_promptly" time="0.004" /><testcase classname="backend.tests.test_finmind_safety" name="test_source_checkpoint_resumes_finite_quota_without_repeating_completed_stock" time="0.013" /><testcase classname="backend.tests.test_finmind_safety" name="test_source_checkpoint_round_robin_cursor_prevents_later_stock_starvation" time="0.026" /><testcase classname="backend.tests.test_finmind_safety" name="test_source_checkpoint_v5_migration_preserves_coverage_and_fair_cursor" time="0.007" /><testcase classname="backend.tests.test_finmind_safety" name="test_source_attempt_counters_reconcile_before_later_quota_failure" time="0.005" /><testcase classname="backend.tests.test_finmind_safety" name="test_broker_checkpoint_manifest_rejects_changed_universe_and_corruption" time="0.009" /><testcase classname="backend.tests.test_finmind_safety" name="test_source_checkpoint_reuses_covered_history_when_window_moves_forward" time="0.007" /><testcase classname="backend.tests.test_finmind_safety" name="test_partial_daily_range_keeps_unreturned_sessions_pending_across_restart" time="0.006" /><testcase classname="backend.tests.test_finmind_safety" name="test_weekly_holding_checkpoint_retries_unreturned_publication" time="0.006" /><testcase classname="backend.tests.test_finmind_safety" name="test_holding_weekly_period_contract_accepts_holiday_shifts_and_rejects_ambiguity" time="0.000" /><testcase classname="backend.tests.test_finmind_safety" name="test_broker_complete_report_contract_rejects_mixed_missing_null_and_empty_rows" time="0.000" /><testcase classname="backend.tests.test_finmind_safety" name="test_explicit_valid_no_data_covers_only_named_observation" time="0.004" /><testcase classname="backend.tests.test_finmind_safety" name="test_successful_filtered_empty_source_range_is_checkpointed_as_missing_never_zero" time="0.279" /><testcase classname="backend.tests.test_finmind_safety" name="test_broker_empty_response_is_not_promoted_by_filtered_empty_contract" time="0.002" /><testcase classname="backend.tests.test_finmind_safety" name="test_incomplete_pagination_cannot_create_checkpoint_coverage" time="0.004" /><testcase classname="backend.tests.test_finmind_safety" name="test_partial_sync_state_cannot_report_authoritative_freshness" time="0.008" /><testcase classname="backend.tests.test_finmind_safety" name="test_empty_response_requires_explicit_source_semantics" time="0.000" /><testcase classname="backend.tests.test_migration_lock" name="test_postgres_migration_lock_precedes_schema_state_read" time="0.003" /><testcase classname="backend.tests.test_pipeline_lock" name="test_pipeline_advisory_lock_skips_second_process_before_work" time="0.001" /><testcase classname="backend.tests.test_pipeline_lock" name="test_pipeline_advisory_lock_is_released_after_work" time="0.001" /><testcase classname="backend.tests.test_pipeline_safety" name="test_score_version_seed_is_idempotent_and_hash_bound" time="0.005" /><testcase classname="backend.tests.test_pipeline_safety" name="test_raw_institutional_fallback_is_explicitly_rejected" time="0.000" /><testcase classname="backend.tests.test_pipeline_safety" name="test_calendar_version_fails_closed_outside_known_coverage" time="0.000" /><testcase classname="backend.tests.test_pipeline_safety" name="test_institutional_dealer_aggregate_is_not_double_counted" time="0.000" /><testcase classname="backend.tests.test_pipeline_safety" name="test_universe_reconciliation_is_raw_duplicate_rejection_and_accepted_exact" time="0.008" /><testcase classname="backend.tests.test_pipeline_safety" name="test_universe_accepts_provider_stock_security_type_but_excludes_instruments" time="0.000" /><testcase classname="backend.tests.test_pipeline_safety" name="test_universe_refresh_failure_is_persisted_and_blocks_scoring" time="0.010" /><testcase classname="backend.tests.test_pipeline_safety" name="test_universe_failure_does_not_mutate_previous_active_universe" time="0.007" /><testcase classname="backend.tests.test_pipeline_safety" name="test_holding_schema_unknown_duplicate_and_null_are_explicit" time="0.007" /><testcase classname="backend.tests.test_pipeline_safety" name="test_holding_real_bucket_boundaries_and_weekly_gap_fail_closed" time="0.000" /><testcase classname="backend.tests.test_pipeline_safety" name="test_holding_missing_relevant_boundary_is_unavailable" time="0.000" /><testcase classname="backend.tests.test_pipeline_safety" name="test_broker_unproven_omission_does_not_become_zero" time="0.000" /><testcase classname="backend.tests.test_pipeline_safety" name="test_omitting_validated_positive_rows_cannot_increase_broker_score" time="0.000" /><testcase classname="backend.tests.test_pipeline_safety" name="test_broker_explicit_null_net_fails_closed_even_with_valid_same_session_row" time="0.000" /><testcase classname="backend.tests.test_pipeline_safety" name="test_broker_omitted_branch_remains_unknown_without_blocking_confirmed_events" time="0.000" /><testcase classname="backend.tests.test_pipeline_safety" name="test_broker_concentration_is_bounded_with_offsetting_sellers" time="0.000" /><testcase classname="backend.tests.test_pipeline_safety" name="test_source_revision_and_historical_score_are_point_in_time" time="0.125" /><testcase classname="backend.tests.test_pipeline_safety" name="test_partial_revision_batch_does_not_erase_legacy_window" time="0.007" /><testcase classname="backend.tests.test_pipeline_safety" name="test_broker_rows_are_bounded_by_sessions_not_broker_count" time="0.010" /><testcase classname="backend.tests.test_pipeline_safety" name="test_broker_table_constraint_rejects_capability_only_source" time="0.005" /><testcase classname="backend.tests.test_pipeline_safety" name="test_capability_broker_rows_cannot_change_s4_features_score_api_or_provenance" time="0.170" /><testcase classname="backend.tests.test_pipeline_safety" name="test_scheduled_catch_up_runs_all_phases_for_dynamic_multi_stock_universe" time="0.167" /><testcase classname="backend.tests.test_pipeline_safety" name="test_quota_at_first_required_source_defers_all_later_provider_requests" time="0.013" /><testcase classname="backend.tests.test_quota_budget_evidence" name="test_quota_evidence_keeps_unverified_provider_limit_and_runtime_partial" time="0.000" /><testcase classname="backend.tests.test_quota_budget_evidence" name="test_quota_evidence_pass_requires_direct_limit_renewal_progress_and_completion" time="0.000" /><testcase classname="backend.tests.test_quota_budget_evidence" name="test_quota_evidence_rejects_unbound_or_non_direct_limit_artifact" time="0.000" /><testcase classname="backend.tests.test_quota_budget_evidence" name="test_quota_renewal_accepts_a_complete_round_trip_when_cursor_wraps_to_same_stock" time="0.000" /><testcase classname="backend.tests.test_quota_budget_evidence" name="test_quota_renewal_rejects_same_cursor_without_a_complete_round_trip" time="0.000" /><testcase classname="backend.tests.test_quota_budget_evidence" name="test_quota_counter_reconciliation_accepts_explicit_legacy_reset_not_old_values" time="0.000" /><testcase classname="backend.tests.test_scoring" name="test_holding_level_parser_supports_explicit_units_and_rejects_ambiguous" time="0.000" /><testcase classname="backend.tests.test_scoring" name="test_holding_aggregation_does_not_depend_on_row_order" time="0.001" /><testcase classname="backend.tests.test_scoring" name="test_holding_schema_requires_every_canonical_bucket[1]" time="0.000" /><testcase classname="backend.tests.test_scoring" name="test_holding_schema_requires_every_canonical_bucket[1000]" time="0.000" /><testcase classname="backend.tests.test_scoring" name="test_holding_schema_requires_every_canonical_bucket[5001]" time="0.000" /><testcase classname="backend.tests.test_scoring" name="test_holding_schema_requires_every_canonical_bucket[10001]" time="0.000" /><testcase classname="backend.tests.test_scoring" name="test_holding_schema_requires_every_canonical_bucket[15001]" time="0.000" /><testcase classname="backend.tests.test_scoring" name="test_holding_schema_requires_every_canonical_bucket[20001]" time="0.000" /><testcase classname="backend.tests.test_scoring" name="test_holding_schema_requires_every_canonical_bucket[30001]" time="0.000" /><testcase classname="backend.tests.test_scoring" name="test_holding_schema_requires_every_canonical_bucket[40001]" time="0.000" /><testcase classname="backend.tests.test_scoring" name="test_holding_schema_requires_every_canonical_bucket[50001]" time="0.000" /><testcase classname="backend.tests.test_scoring" name="test_holding_schema_requires_every_canonical_bucket[100001]" time="0.000" /><testcase classname="backend.tests.test_scoring" name="test_holding_schema_requires_every_canonical_bucket[200001]" time="0.000" /><testcase classname="backend.tests.test_scoring" name="test_holding_schema_requires_every_canonical_bucket[400001]" time="0.000" /><testcase classname="backend.tests.test_scoring" name="test_holding_schema_requires_every_canonical_bucket[600001]" time="0.000" /><testcase classname="backend.tests.test_scoring" name="test_holding_schema_requires_every_canonical_bucket[800001]" time="0.000" /><testcase classname="backend.tests.test_scoring" name="test_holding_schema_requires_every_canonical_bucket[1000001]" time="0.000" /><testcase classname="backend.tests.test_scoring" name="test_holding_schema_rejects_duplicate_unknown_and_null_and_ignores_row_order" time="0.000" /><testcase classname="backend.tests.test_scoring" name="test_institutional_net_rolling_and_persistence_metrics" time="0.000" /><testcase classname="backend.tests.test_scoring" name="test_missing_rolling_values_stay_missing" time="0.000" /><testcase classname="backend.tests.test_scoring" name="test_broker_persistence_rewards_repeated_buying_over_single_spike" time="0.000" /><testcase classname="backend.tests.test_scoring" name="test_score_is_versioned_transparent_and_classified" time="0.000" /><testcase classname="backend.tests.test_scoring" name="test_missing_s_level_data_fails_closed_not_zero" time="0.000" /><testcase classname="backend.tests.test_scoring" name="test_historical_score_does_not_change_when_future_row_arrives" time="0.000" /><testcase classname="backend.tests.test_scoring" name="test_score_golden_vector_and_complete_spec_hash" time="0.000" /><testcase classname="backend.tests.test_scoring" name="test_calendar_manifest_is_content_bound_and_provenance_visible" time="0.000" /><testcase classname="backend.tests.test_sync_counter_contract" name="test_current_attempt_counters_are_versioned_and_exactly_reconciled" time="0.007" /><testcase classname="backend.tests.test_sync_counter_contract" name="test_current_attempt_rejects_unreconciled_rows" time="0.004" /><testcase classname="backend.tests.test_sync_counter_contract" name="test_postgres_migration_preserves_then_resets_unversioned_counters" time="0.001" /><testcase classname="backend.tests.test_worker_health" name="test_health_requires_scheduler_contract_not_only_pulse" time="0.000" /><testcase classname="backend.tests.test_worker_health" name="test_health_fails_stale_scheduler_and_prolonged_job" time="0.000" /><testcase classname="backend.tests.test_worker_health" name="test_running_job_requires_actual_phase_progress_not_only_process_pulse" time="0.000" /><testcase classname="backend.tests.test_worker_health" name="test_idle_health_is_degraded_when_scheduler_heartbeat_misses_180_seconds" time="0.000" /><testcase classname="backend.tests.test_worker_health" name="test_next_run_includes_main_and_retry_schedule" time="0.006" /><testcase classname="backend.tests.test_worker_health" name="test_health_detects_due_fire_that_never_started_while_pulse_is_fresh" time="0.000" /><testcase classname="backend.tests.test_worker_health" name="test_health_accepts_legitimate_idle_after_scheduled_fire_started_and_completed" time="0.000" /><testcase classname="backend.tests.test_worker_health" name="test_health_detects_missed_or_error_event_and_stopped_scheduler" time="0.000" /><testcase classname="backend.tests.test_worker_health" name="test_market_session_is_open_only_during_continuous_trading_hours" time="0.000" /><testcase classname="backend.tests.test_worker_health" name="test_closed_period_does_not_claim_today_is_a_published_source_date" time="0.000" /><testcase classname="backend.tests.test_worker_health" name="test_worker_does_not_start_provider_catch_up_before_source_publication_window" time="0.002" /></testsuite></testsuites>