<?xml version="1.0" encoding="utf-8"?><testsuites><testsuite name="pytest" errors="0" failures="0" skipped="0" tests="38" time="0.806" timestamp="2026-08-21T00:47:56.313546+08:00" hostname="DESKTOP-8L6MAHD"><testcase classname="backend.tests.test_api" name="test_health_endpoint_has_no_secret_fields" time="0.016" /><testcase classname="backend.tests.test_api" name="test_stocks_endpoint_supports_pagination_and_safe_sort" time="0.013" /><testcase classname="backend.tests.test_api" name="test_api_contract_exposes_score_hash_filters_rankings_and_sync_counters" time="0.014" /><testcase classname="backend.tests.test_finmind_safety" name="test_forbidden_datasets_are_rejected" time="0.001" /><testcase classname="backend.tests.test_finmind_safety" name="test_allowlist_excludes_unknown_dataset" time="0.001" /><testcase classname="backend.tests.test_finmind_safety" name="test_capability_dataset_list_is_s_only" time="0.000" /><testcase classname="backend.tests.test_finmind_safety" name="test_universe_excludes_etf_category_from_industry" time="0.000" /><testcase classname="backend.tests.test_finmind_safety" name="test_stock_datasets_ignore_non_common_rows_before_foreign_key_insert" time="0.009" /><testcase classname="backend.tests.test_finmind_safety" name="test_finmind_non_retryable_and_quota_fail_fast[response0-AUTHENTICATION_FAILED]" time="0.005" /><testcase classname="backend.tests.test_finmind_safety" name="test_finmind_non_retryable_and_quota_fail_fast[response1-QUOTA_EXHAUSTED]" time="0.001" /><testcase classname="backend.tests.test_finmind_safety" name="test_finmind_non_retryable_and_quota_fail_fast[response2-ACCESS_DENIED]" time="0.001" /><testcase classname="backend.tests.test_finmind_safety" name="test_finmind_non_retryable_and_quota_fail_fast[response3-NON_RETRYABLE_4XX]" time="0.001" /><testcase classname="backend.tests.test_finmind_safety" name="test_finmind_retry_after_is_honored_and_schema_fails_fast" time="0.001" /><testcase classname="backend.tests.test_finmind_safety" name="test_http_200_application_errors_and_schema_drift_fail_closed[payload0-QUOTA_EXHAUSTED]" time="0.002" /><testcase classname="backend.tests.test_finmind_safety" name="test_http_200_application_errors_and_schema_drift_fail_closed[payload1-ACCESS_DENIED]" time="0.001" /><testcase classname="backend.tests.test_finmind_safety" name="test_http_200_application_errors_and_schema_drift_fail_closed[payload2-SCHEMA_MISMATCH]" time="0.001" /><testcase classname="backend.tests.test_finmind_safety" name="test_http_200_application_errors_and_schema_drift_fail_closed[payload3-SCHEMA_MISMATCH]" time="0.001" /><testcase classname="backend.tests.test_finmind_safety" name="test_global_request_budget_covers_retry_attempts" time="0.001" /><testcase classname="backend.tests.test_finmind_safety" name="test_broker_checkpoint_retains_retryable_failure_and_resumes" time="0.012" /><testcase classname="backend.tests.test_finmind_safety" name="test_global_broker_fatal_stops_queue_promptly" time="0.004" /><testcase classname="backend.tests.test_pipeline_safety" name="test_raw_institutional_fallback_is_explicitly_rejected" time="0.000" /><testcase classname="backend.tests.test_pipeline_safety" name="test_calendar_version_fails_closed_outside_known_coverage" time="0.000" /><testcase classname="backend.tests.test_pipeline_safety" name="test_holding_schema_unknown_duplicate_and_null_are_explicit" time="0.008" /><testcase classname="backend.tests.test_pipeline_safety" name="test_holding_real_bucket_boundaries_and_weekly_gap_fail_closed" time="0.000" /><testcase classname="backend.tests.test_pipeline_safety" name="test_broker_concentration_is_bounded_with_offsetting_sellers" time="0.000" /><testcase classname="backend.tests.test_pipeline_safety" name="test_source_revision_and_historical_score_are_point_in_time" time="0.084" /><testcase classname="backend.tests.test_pipeline_safety" name="test_partial_revision_batch_does_not_erase_legacy_window" time="0.008" /><testcase classname="backend.tests.test_pipeline_safety" name="test_broker_rows_are_bounded_by_sessions_not_broker_count" time="0.009" /><testcase classname="backend.tests.test_pipeline_safety" name="test_scheduled_catch_up_runs_all_phases_for_dynamic_multi_stock_universe" time="0.109" /><testcase classname="backend.tests.test_scoring" name="test_holding_level_parser_supports_explicit_units_and_rejects_ambiguous" time="0.000" /><testcase classname="backend.tests.test_scoring" name="test_holding_aggregation_does_not_depend_on_row_order" time="0.000" /><testcase classname="backend.tests.test_scoring" name="test_institutional_net_rolling_and_persistence_metrics" time="0.000" /><testcase classname="backend.tests.test_scoring" name="test_missing_rolling_values_stay_missing" time="0.000" /><testcase classname="backend.tests.test_scoring" name="test_broker_persistence_rewards_repeated_buying_over_single_spike" time="0.000" /><testcase classname="backend.tests.test_scoring" name="test_score_is_versioned_transparent_and_classified" time="0.000" /><testcase classname="backend.tests.test_scoring" name="test_missing_s_level_data_fails_closed_not_zero" time="0.000" /><testcase classname="backend.tests.test_scoring" name="test_historical_score_does_not_change_when_future_row_arrives" time="0.000" /><testcase classname="backend.tests.test_scoring" name="test_score_golden_vector_and_complete_spec_hash" time="0.000" /></testsuite></testsuites>