<testsuites id="" name="" tests="12" failures="0" skipped="0" errors="0" time="4.4438699999999995">
<testsuite name="dashboard.spec.ts" timestamp="2026-08-21T12:49:04.931Z" hostname="" tests="4" failures="0" skipped="0" time="1.938" errors="0">
<testcase name="dashboard loads and exposes evidence controls" classname="dashboard.spec.ts" time="0.448">
</testcase>
<testcase name="search and insufficient-data state are visible" classname="dashboard.spec.ts" time="0.354">
</testcase>
<testcase name="NAS detail exposes S-level charts, provenance and missing-data gaps" classname="dashboard.spec.ts" time="0.645">
</testcase>
<testcase name="filters, rankings, freshness and score hash are exposed" classname="dashboard.spec.ts" time="0.491">
</testcase>
</testsuite>
<testsuite name="deterministic.spec.ts" timestamp="2026-08-21T12:49:04.931Z" hostname="" tests="5" failures="0" skipped="0" time="3.668" errors="0">
<testcase name="summary count invariant and deterministic ranking contract are exact" classname="deterministic.spec.ts" time="0.691">
</testcase>
<testcase name="market status and minimum-score filters compose through the UI" classname="deterministic.spec.ts" time="0.346">
</testcase>
<testcase name="a delayed initial response cannot overwrite newer search results" classname="deterministic.spec.ts" time="0.7">
</testcase>
<testcase name="score pagination keeps numeric values ahead of null and sorting resets page" classname="deterministic.spec.ts" time="1.269">
</testcase>
<testcase name="detail exposes provenance formula broker caveat 5-percent unavailable and null gaps" classname="deterministic.spec.ts" time="0.662">
</testcase>
</testsuite>
<testsuite name="live-contract.spec.ts" timestamp="2026-08-21T12:49:04.931Z" hostname="" tests="3" failures="0" skipped="0" time="1.322" errors="0">
<testcase name="live health build metadata score specification and summary are coherent" classname="live-contract.spec.ts" time="0.438">
<properties>
<property name="lan_data_ready_ms" value="217">
</property>
<property name="lan_data_ready_budget_ms" value="2000">
</property>
</properties>
</testcase>
<testcase name="live list filters pagination ranking and numeric-null ordering obey the API contract" classname="live-contract.spec.ts" time="0.353">
</testcase>
<testcase name="live detail renders exact provenance formula unavailable policy broker caveat and chart segments" classname="live-contract.spec.ts" time="0.531">
</testcase>
</testsuite>
</testsuites>